<?xml version="1.0" encoding="UTF-8"?>
<coverage generated="1595246496253" clover="3.2.0">
  <project timestamp="1595246496253" name="All files">
    <metrics statements="10" coveredstatements="10" conditionals="8" coveredconditionals="8" methods="3" coveredmethods="3" elements="21" coveredelements="21" complexity="0" loc="10" ncloc="10" packages="1" files="1" classes="1"/>
    <file name="calc.ts" path="C:\workspace\java-and-ts-tests\jest-tests\src\calc.ts">
      <metrics statements="10" coveredstatements="10" conditionals="8" coveredconditionals="8" methods="3" coveredmethods="3"/>
      <line num="1" count="2" type="stmt"/>
      <line num="3" count="2" type="stmt"/>
      <line num="4" count="10" type="cond" truecount="4" falsecount="0"/>
      <line num="5" count="2" type="stmt"/>
      <line num="6" count="8" type="stmt"/>
      <line num="9" count="2" type="stmt"/>
      <line num="10" count="18" type="cond" truecount="4" falsecount="0"/>
      <line num="11" count="10" type="stmt"/>
      <line num="12" count="8" type="stmt"/>
      <line num="14" count="2" type="stmt"/>
    </file>
  </project>
</coverage>
