{"C:\\workspace\\java-and-ts-prj\\jest-tests\\src\\calc.ts": {"path":"C:\\workspace\\java-and-ts-prj\\jest-tests\\src\\calc.ts","statementMap":{"0":{"start":{"line":1,"column":0},"end":{"line":1,"column":null}},"1":{"start":{"line":3,"column":11},"end":{"line":7,"column":null}},"2":{"start":{"line":4,"column":8},"end":{"line":5,"column":21}},"3":{"start":{"line":5,"column":12},"end":{"line":5,"column":21}},"4":{"start":{"line":6,"column":8},"end":{"line":6,"column":43}},"5":{"start":{"line":9,"column":11},"end":{"line":13,"column":null}},"6":{"start":{"line":10,"column":8},"end":{"line":11,"column":21}},"7":{"start":{"line":11,"column":12},"end":{"line":11,"column":21}},"8":{"start":{"line":12,"column":8},"end":{"line":12,"column":65}},"9":{"start":{"line":14,"column":0},"end":{"line":14,"column":null}}},"fnMap":{"0":{"name":"(anonymous_0)","decl":{"start":{"line":1,"column":0},"end":{"line":1,"column":null}},"loc":{"start":{"line":1,"column":0},"end":{"line":14,"column":null}}},"1":{"name":"(anonymous_2)","decl":{"start":{"line":3,"column":4},"end":{"line":3,"column":11}},"loc":{"start":{"line":3,"column":31},"end":{"line":7,"column":5}}},"2":{"name":"(anonymous_3)","decl":{"start":{"line":9,"column":4},"end":{"line":9,"column":11}},"loc":{"start":{"line":9,"column":31},"end":{"line":13,"column":5}}}},"branchMap":{"0":{"loc":{"start":{"line":4,"column":8},"end":{"line":5,"column":21}},"type":"if","locations":[{"start":{"line":4,"column":8},"end":{"line":5,"column":21}},{"start":{"line":4,"column":8},"end":{"line":5,"column":21}}]},"1":{"loc":{"start":{"line":4,"column":13},"end":{"line":4,"column":20}},"type":"binary-expr","locations":[{"start":{"line":4,"column":13},"end":{"line":4,"column":20}},{"start":{"line":4,"column":24},"end":{"line":4,"column":31}}]},"2":{"loc":{"start":{"line":10,"column":8},"end":{"line":11,"column":21}},"type":"if","locations":[{"start":{"line":10,"column":8},"end":{"line":11,"column":21}},{"start":{"line":10,"column":8},"end":{"line":11,"column":21}}]},"3":{"loc":{"start":{"line":10,"column":13},"end":{"line":10,"column":20}},"type":"binary-expr","locations":[{"start":{"line":10,"column":13},"end":{"line":10,"column":20}},{"start":{"line":10,"column":24},"end":{"line":10,"column":31}}]}},"s":{"0":2,"1":2,"2":10,"3":2,"4":8,"5":2,"6":18,"7":10,"8":8,"9":2},"f":{"0":2,"1":10,"2":18},"b":{"0":[2,8],"1":[10,10],"2":[10,8],"3":[18,14]}}
}
