{
          "numFailedTestSuites": 0,
          "numFailedTests": 0,
          "numPassedTestSuites": 1,
          "numPassedTests": 4,
          "numPendingTestSuites": 0,
          "numPendingTests": 0,
          "numRuntimeErrorTestSuites": 0,
          "numTodoTests": 0,
          "numTotalTestSuites": 1,
          "numTotalTests": 4,
          "openHandles": [],
          "snapshot": {
                    "added": 0,
                    "didUpdate": false,
                    "failure": false,
                    "filesAdded": 0,
                    "filesRemoved": 0,
                    "filesRemovedList": [],
                    "filesUnmatched": 0,
                    "filesUpdated": 0,
                    "matched": 0,
                    "total": 0,
                    "unchecked": 0,
                    "uncheckedKeysByFile": [],
                    "unmatched": 0,
                    "updated": 0
          },
          "startTime": 1675862077687,
          "success": false,
          "testResults": [
                    {
                              "assertionResults": [
                                        {
                                                  "ancestorTitles": [
                                                            "calc"
                                                  ],
                                                  "failureMessages": [],
                                                  "fullName": "calc factorial",
                                                  "location": null,
                                                  "status": "passed",
                                                  "title": "factorial"
                                        },
                                        {
                                                  "ancestorTitles": [
                                                            "calc"
                                                  ],
                                                  "failureMessages": [],
                                                  "fullName": "calc fibonacci",
                                                  "location": null,
                                                  "status": "passed",
                                                  "title": "fibonacci"
                                        },
                                        {
                                                  "ancestorTitles": [
                                                            "calc"
                                                  ],
                                                  "failureMessages": [],
                                                  "fullName": "calc displaySum",
                                                  "location": null,
                                                  "status": "passed",
                                                  "title": "displaySum"
                                        },
                                        {
                                                  "ancestorTitles": [
                                                            "calc"
                                                  ],
                                                  "failureMessages": [],
                                                  "fullName": "calc calcSum",
                                                  "location": null,
                                                  "status": "passed",
                                                  "title": "calcSum"
                                        }
                              ],
                              "endTime": 1675862079432,
                              "message": "",
                              "name": "C:\\workspace\\java-and-ts-tests\\fe-tests\\jest-tests\\tests\\calc.spec.ts",
                              "startTime": 1675862077756,
                              "status": "passed",
                              "summary": ""
                    }
          ],
          "wasInterrupted": false,
          "coverageMap": {
                    "C:\\workspace\\java-and-ts-tests\\fe-tests\\jest-tests\\src\\calc.ts": {
                              "path": "C:\\workspace\\java-and-ts-tests\\fe-tests\\jest-tests\\src\\calc.ts",
                              "statementMap": {
                                        "0": {
                                                  "start": {
                                                            "line": 1,
                                                            "column": 0
                                                  },
                                                  "end": {
                                                            "line": 1,
                                                            "column": null
                                                  }
                                        },
                                        "1": {
                                                  "start": {
                                                            "line": 2,
                                                            "column": 9
                                                  },
                                                  "end": {
                                                            "line": 5,
                                                            "column": null
                                                  }
                                        },
                                        "2": {
                                                  "start": {
                                                            "line": 3,
                                                            "column": 4
                                                  },
                                                  "end": {
                                                            "line": 3,
                                                            "column": 37
                                                  }
                                        },
                                        "3": {
                                                  "start": {
                                                            "line": 3,
                                                            "column": 28
                                                  },
                                                  "end": {
                                                            "line": 3,
                                                            "column": 37
                                                  }
                                        },
                                        "4": {
                                                  "start": {
                                                            "line": 4,
                                                            "column": 4
                                                  },
                                                  "end": {
                                                            "line": 4,
                                                            "column": 37
                                                  }
                                        },
                                        "5": {
                                                  "start": {
                                                            "line": 7,
                                                            "column": 9
                                                  },
                                                  "end": {
                                                            "line": 10,
                                                            "column": null
                                                  }
                                        },
                                        "6": {
                                                  "start": {
                                                            "line": 8,
                                                            "column": 4
                                                  },
                                                  "end": {
                                                            "line": 8,
                                                            "column": 37
                                                  }
                                        },
                                        "7": {
                                                  "start": {
                                                            "line": 8,
                                                            "column": 28
                                                  },
                                                  "end": {
                                                            "line": 8,
                                                            "column": 37
                                                  }
                                        },
                                        "8": {
                                                  "start": {
                                                            "line": 9,
                                                            "column": 4
                                                  },
                                                  "end": {
                                                            "line": 9,
                                                            "column": 57
                                                  }
                                        },
                                        "9": {
                                                  "start": {
                                                            "line": 12,
                                                            "column": 9
                                                  },
                                                  "end": {
                                                            "line": 18,
                                                            "column": null
                                                  }
                                        },
                                        "10": {
                                                  "start": {
                                                            "line": 13,
                                                            "column": 20
                                                  },
                                                  "end": {
                                                            "line": 13,
                                                            "column": 21
                                                  }
                                        },
                                        "11": {
                                                  "start": {
                                                            "line": 14,
                                                            "column": 4
                                                  },
                                                  "end": {
                                                            "line": 16,
                                                            "column": null
                                                  }
                                        },
                                        "12": {
                                                  "start": {
                                                            "line": 15,
                                                            "column": 6
                                                  },
                                                  "end": {
                                                            "line": 15,
                                                            "column": 12
                                                  }
                                        },
                                        "13": {
                                                  "start": {
                                                            "line": 17,
                                                            "column": 4
                                                  },
                                                  "end": {
                                                            "line": 17,
                                                            "column": 13
                                                  }
                                        },
                                        "14": {
                                                  "start": {
                                                            "line": 20,
                                                            "column": 9
                                                  },
                                                  "end": {
                                                            "line": 31,
                                                            "column": null
                                                  }
                                        },
                                        "15": {
                                                  "start": {
                                                            "line": 21,
                                                            "column": 14
                                                  },
                                                  "end": {
                                                            "line": 21,
                                                            "column": 19
                                                  }
                                        },
                                        "16": {
                                                  "start": {
                                                            "line": 22,
                                                            "column": 4
                                                  },
                                                  "end": {
                                                            "line": 26,
                                                            "column": null
                                                  }
                                        },
                                        "17": {
                                                  "start": {
                                                            "line": 23,
                                                            "column": 6
                                                  },
                                                  "end": {
                                                            "line": 23,
                                                            "column": 42
                                                  }
                                        },
                                        "18": {
                                                  "start": {
                                                            "line": 24,
                                                            "column": 11
                                                  },
                                                  "end": {
                                                            "line": 26,
                                                            "column": null
                                                  }
                                        },
                                        "19": {
                                                  "start": {
                                                            "line": 25,
                                                            "column": 6
                                                  },
                                                  "end": {
                                                            "line": 25,
                                                            "column": 43
                                                  }
                                        },
                                        "20": {
                                                  "start": {
                                                            "line": 30,
                                                            "column": 4
                                                  },
                                                  "end": {
                                                            "line": 30,
                                                            "column": 15
                                                  }
                                        },
                                        "21": {
                                                  "start": {
                                                            "line": 33,
                                                            "column": 9
                                                  },
                                                  "end": {
                                                            "line": 40,
                                                            "column": null
                                                  }
                                        },
                                        "22": {
                                                  "start": {
                                                            "line": 34,
                                                            "column": 4
                                                  },
                                                  "end": {
                                                            "line": 38,
                                                            "column": null
                                                  }
                                        },
                                        "23": {
                                                  "start": {
                                                            "line": 35,
                                                            "column": 6
                                                  },
                                                  "end": {
                                                            "line": 35,
                                                            "column": 16
                                                  }
                                        },
                                        "24": {
                                                  "start": {
                                                            "line": 37,
                                                            "column": 6
                                                  },
                                                  "end": {
                                                            "line": 37,
                                                            "column": 16
                                                  }
                                        },
                                        "25": {
                                                  "start": {
                                                            "line": 39,
                                                            "column": 4
                                                  },
                                                  "end": {
                                                            "line": 39,
                                                            "column": 17
                                                  }
                                        },
                                        "26": {
                                                  "start": {
                                                            "line": 41,
                                                            "column": 0
                                                  },
                                                  "end": {
                                                            "line": 41,
                                                            "column": null
                                                  }
                                        }
                              },
                              "fnMap": {
                                        "0": {
                                                  "name": "(anonymous_0)",
                                                  "decl": {
                                                            "start": {
                                                                      "line": 1,
                                                                      "column": 0
                                                            },
                                                            "end": {
                                                                      "line": 1,
                                                                      "column": null
                                                            }
                                                  },
                                                  "loc": {
                                                            "start": {
                                                                      "line": 1,
                                                                      "column": 0
                                                            },
                                                            "end": {
                                                                      "line": 41,
                                                                      "column": null
                                                            }
                                                  }
                                        },
                                        "1": {
                                                  "name": "(anonymous_2)",
                                                  "decl": {
                                                            "start": {
                                                                      "line": 2,
                                                                      "column": 2
                                                            },
                                                            "end": {
                                                                      "line": 2,
                                                                      "column": 9
                                                            }
                                                  },
                                                  "loc": {
                                                            "start": {
                                                                      "line": 2,
                                                                      "column": 28
                                                            },
                                                            "end": {
                                                                      "line": 5,
                                                                      "column": 3
                                                            }
                                                  }
                                        },
                                        "2": {
                                                  "name": "(anonymous_3)",
                                                  "decl": {
                                                            "start": {
                                                                      "line": 7,
                                                                      "column": 2
                                                            },
                                                            "end": {
                                                                      "line": 7,
                                                                      "column": 9
                                                            }
                                                  },
                                                  "loc": {
                                                            "start": {
                                                                      "line": 7,
                                                                      "column": 28
                                                            },
                                                            "end": {
                                                                      "line": 10,
                                                                      "column": 3
                                                            }
                                                  }
                                        },
                                        "3": {
                                                  "name": "(anonymous_4)",
                                                  "decl": {
                                                            "start": {
                                                                      "line": 12,
                                                                      "column": 2
                                                            },
                                                            "end": {
                                                                      "line": 12,
                                                                      "column": 9
                                                            }
                                                  },
                                                  "loc": {
                                                            "start": {
                                                                      "line": 12,
                                                                      "column": 33
                                                            },
                                                            "end": {
                                                                      "line": 18,
                                                                      "column": 3
                                                            }
                                                  }
                                        },
                                        "4": {
                                                  "name": "(anonymous_5)",
                                                  "decl": {
                                                            "start": {
                                                                      "line": 20,
                                                                      "column": 2
                                                            },
                                                            "end": {
                                                                      "line": 20,
                                                                      "column": 9
                                                            }
                                                  },
                                                  "loc": {
                                                            "start": {
                                                                      "line": 20,
                                                                      "column": 40
                                                            },
                                                            "end": {
                                                                      "line": 31,
                                                                      "column": 3
                                                            }
                                                  }
                                        },
                                        "5": {
                                                  "name": "(anonymous_6)",
                                                  "decl": {
                                                            "start": {
                                                                      "line": 33,
                                                                      "column": 2
                                                            },
                                                            "end": {
                                                                      "line": 33,
                                                                      "column": 9
                                                            }
                                                  },
                                                  "loc": {
                                                            "start": {
                                                                      "line": 33,
                                                                      "column": 37
                                                            },
                                                            "end": {
                                                                      "line": 40,
                                                                      "column": 3
                                                            }
                                                  }
                                        }
                              },
                              "branchMap": {
                                        "0": {
                                                  "loc": {
                                                            "start": {
                                                                      "line": 3,
                                                                      "column": 4
                                                            },
                                                            "end": {
                                                                      "line": 3,
                                                                      "column": 37
                                                            }
                                                  },
                                                  "type": "if",
                                                  "locations": [
                                                            {
                                                                      "start": {
                                                                                "line": 3,
                                                                                "column": 4
                                                                      },
                                                                      "end": {
                                                                                "line": 3,
                                                                                "column": 37
                                                                      }
                                                            },
                                                            {
                                                                      "start": {
                                                                                "line": 3,
                                                                                "column": 4
                                                                      },
                                                                      "end": {
                                                                                "line": 3,
                                                                                "column": 37
                                                                      }
                                                            }
                                                  ]
                                        },
                                        "1": {
                                                  "loc": {
                                                            "start": {
                                                                      "line": 3,
                                                                      "column": 8
                                                            },
                                                            "end": {
                                                                      "line": 3,
                                                                      "column": 15
                                                            }
                                                  },
                                                  "type": "binary-expr",
                                                  "locations": [
                                                            {
                                                                      "start": {
                                                                                "line": 3,
                                                                                "column": 8
                                                                      },
                                                                      "end": {
                                                                                "line": 3,
                                                                                "column": 15
                                                                      }
                                                            },
                                                            {
                                                                      "start": {
                                                                                "line": 3,
                                                                                "column": 19
                                                                      },
                                                                      "end": {
                                                                                "line": 3,
                                                                                "column": 26
                                                                      }
                                                            }
                                                  ]
                                        },
                                        "2": {
                                                  "loc": {
                                                            "start": {
                                                                      "line": 8,
                                                                      "column": 4
                                                            },
                                                            "end": {
                                                                      "line": 8,
                                                                      "column": 37
                                                            }
                                                  },
                                                  "type": "if",
                                                  "locations": [
                                                            {
                                                                      "start": {
                                                                                "line": 8,
                                                                                "column": 4
                                                                      },
                                                                      "end": {
                                                                                "line": 8,
                                                                                "column": 37
                                                                      }
                                                            },
                                                            {
                                                                      "start": {
                                                                                "line": 8,
                                                                                "column": 4
                                                                      },
                                                                      "end": {
                                                                                "line": 8,
                                                                                "column": 37
                                                                      }
                                                            }
                                                  ]
                                        },
                                        "3": {
                                                  "loc": {
                                                            "start": {
                                                                      "line": 8,
                                                                      "column": 8
                                                            },
                                                            "end": {
                                                                      "line": 8,
                                                                      "column": 15
                                                            }
                                                  },
                                                  "type": "binary-expr",
                                                  "locations": [
                                                            {
                                                                      "start": {
                                                                                "line": 8,
                                                                                "column": 8
                                                                      },
                                                                      "end": {
                                                                                "line": 8,
                                                                                "column": 15
                                                                      }
                                                            },
                                                            {
                                                                      "start": {
                                                                                "line": 8,
                                                                                "column": 19
                                                                      },
                                                                      "end": {
                                                                                "line": 8,
                                                                                "column": 26
                                                                      }
                                                            }
                                                  ]
                                        },
                                        "4": {
                                                  "loc": {
                                                            "start": {
                                                                      "line": 14,
                                                                      "column": 4
                                                            },
                                                            "end": {
                                                                      "line": 16,
                                                                      "column": null
                                                            }
                                                  },
                                                  "type": "if",
                                                  "locations": [
                                                            {
                                                                      "start": {
                                                                                "line": 14,
                                                                                "column": 4
                                                                      },
                                                                      "end": {
                                                                                "line": 16,
                                                                                "column": null
                                                                      }
                                                            },
                                                            {
                                                                      "start": {
                                                                                "line": 14,
                                                                                "column": 4
                                                                      },
                                                                      "end": {
                                                                                "line": 16,
                                                                                "column": null
                                                                      }
                                                            }
                                                  ]
                                        },
                                        "5": {
                                                  "loc": {
                                                            "start": {
                                                                      "line": 14,
                                                                      "column": 8
                                                            },
                                                            "end": {
                                                                      "line": 14,
                                                                      "column": 13
                                                            }
                                                  },
                                                  "type": "binary-expr",
                                                  "locations": [
                                                            {
                                                                      "start": {
                                                                                "line": 14,
                                                                                "column": 8
                                                                      },
                                                                      "end": {
                                                                                "line": 14,
                                                                                "column": 13
                                                                      }
                                                            },
                                                            {
                                                                      "start": {
                                                                                "line": 14,
                                                                                "column": 17
                                                                      },
                                                                      "end": {
                                                                                "line": 14,
                                                                                "column": 22
                                                                      }
                                                            }
                                                  ]
                                        },
                                        "6": {
                                                  "loc": {
                                                            "start": {
                                                                      "line": 22,
                                                                      "column": 4
                                                            },
                                                            "end": {
                                                                      "line": 26,
                                                                      "column": null
                                                            }
                                                  },
                                                  "type": "if",
                                                  "locations": [
                                                            {
                                                                      "start": {
                                                                                "line": 22,
                                                                                "column": 4
                                                                      },
                                                                      "end": {
                                                                                "line": 26,
                                                                                "column": null
                                                                      }
                                                            },
                                                            {
                                                                      "start": {
                                                                                "line": 22,
                                                                                "column": 4
                                                                      },
                                                                      "end": {
                                                                                "line": 26,
                                                                                "column": null
                                                                      }
                                                            }
                                                  ]
                                        },
                                        "7": {
                                                  "loc": {
                                                            "start": {
                                                                      "line": 24,
                                                                      "column": 11
                                                            },
                                                            "end": {
                                                                      "line": 26,
                                                                      "column": null
                                                            }
                                                  },
                                                  "type": "if",
                                                  "locations": [
                                                            {
                                                                      "start": {
                                                                                "line": 24,
                                                                                "column": 11
                                                                      },
                                                                      "end": {
                                                                                "line": 26,
                                                                                "column": null
                                                                      }
                                                            },
                                                            {
                                                                      "start": {
                                                                                "line": 24,
                                                                                "column": 11
                                                                      },
                                                                      "end": {
                                                                                "line": 26,
                                                                                "column": null
                                                                      }
                                                            }
                                                  ]
                                        },
                                        "8": {
                                                  "loc": {
                                                            "start": {
                                                                      "line": 34,
                                                                      "column": 4
                                                            },
                                                            "end": {
                                                                      "line": 38,
                                                                      "column": null
                                                            }
                                                  },
                                                  "type": "if",
                                                  "locations": [
                                                            {
                                                                      "start": {
                                                                                "line": 34,
                                                                                "column": 4
                                                                      },
                                                                      "end": {
                                                                                "line": 38,
                                                                                "column": null
                                                                      }
                                                            },
                                                            {
                                                                      "start": {
                                                                                "line": 34,
                                                                                "column": 4
                                                                      },
                                                                      "end": {
                                                                                "line": 38,
                                                                                "column": null
                                                                      }
                                                            }
                                                  ]
                                        },
                                        "9": {
                                                  "loc": {
                                                            "start": {
                                                                      "line": 34,
                                                                      "column": 8
                                                            },
                                                            "end": {
                                                                      "line": 34,
                                                                      "column": 14
                                                            }
                                                  },
                                                  "type": "binary-expr",
                                                  "locations": [
                                                            {
                                                                      "start": {
                                                                                "line": 34,
                                                                                "column": 8
                                                                      },
                                                                      "end": {
                                                                                "line": 34,
                                                                                "column": 14
                                                                      }
                                                            },
                                                            {
                                                                      "start": {
                                                                                "line": 34,
                                                                                "column": 18
                                                                      },
                                                                      "end": {
                                                                                "line": 34,
                                                                                "column": 23
                                                                      }
                                                            }
                                                  ]
                                        }
                              },
                              "s": {
                                        "0": 1,
                                        "1": 1,
                                        "2": 5,
                                        "3": 1,
                                        "4": 4,
                                        "5": 1,
                                        "6": 9,
                                        "7": 5,
                                        "8": 4,
                                        "9": 1,
                                        "10": 0,
                                        "11": 0,
                                        "12": 0,
                                        "13": 0,
                                        "14": 1,
                                        "15": 2,
                                        "16": 2,
                                        "17": 1,
                                        "18": 1,
                                        "19": 1,
                                        "20": 2,
                                        "21": 1,
                                        "22": 3,
                                        "23": 2,
                                        "24": 1,
                                        "25": 3,
                                        "26": 1
                              },
                              "f": {
                                        "0": 1,
                                        "1": 5,
                                        "2": 9,
                                        "3": 0,
                                        "4": 2,
                                        "5": 3
                              },
                              "b": {
                                        "0": [
                                                  1,
                                                  4
                                        ],
                                        "1": [
                                                  5,
                                                  5
                                        ],
                                        "2": [
                                                  5,
                                                  4
                                        ],
                                        "3": [
                                                  9,
                                                  7
                                        ],
                                        "4": [
                                                  0,
                                                  0
                                        ],
                                        "5": [
                                                  0,
                                                  0
                                        ],
                                        "6": [
                                                  1,
                                                  1
                                        ],
                                        "7": [
                                                  1,
                                                  0
                                        ],
                                        "8": [
                                                  2,
                                                  1
                                        ],
                                        "9": [
                                                  3,
                                                  2
                                        ]
                              }
                    }
          }
}